<?xml version="1.0" encoding="UTF-8"?>
<!-- Generated by org.testng.reporters.JUnitXMLReporter -->
<testsuite ignored="0" hostname="Lenovo" failures="1" tests="2" name="Test" time="2.999" errors="0" timestamp="2025-10-09T16:51:13 IST">
  <testcase classname="org.facebooklogin.FacebookLogin" name="logo" time="0.063"/>
  <testcase classname="org.facebooklogin.FacebookLogin" name="logo" time="0.081">
    <failure type="java.lang.NullPointerException" message="Cannot invoke &amp;quot;com.aventstack.extentreports.ExtentTest.log(com.aventstack.extentreports.Status, String)&amp;quot; because &amp;quot;org.facebooklogin.MyListeners.test&amp;quot; is null">
      <![CDATA[java.lang.NullPointerException: Cannot invoke "com.aventstack.extentreports.ExtentTest.log(com.aventstack.extentreports.Status, String)" because "org.facebooklogin.MyListeners.test" is null
at org.facebooklogin.MyListeners.onTestSuccess(MyListeners.java:18)
at java.base/java.util.ArrayList.forEach(ArrayList.java:1511)
... Removed 24 stack frames]]>
    </failure>
  </testcase> <!-- logo -->
</testsuite> <!-- Test -->
