<?xml version="1.0" encoding="UTF-8"?>
<testng-results ignored="0" total="4" passed="2" failed="1" skipped="1">
  <reporter-output>
  </reporter-output>
  <suite started-at="2024-08-29T19:49:25 IST" name="Suite" finished-at="2024-08-29T19:49:31 IST" duration-ms="5788">
    <groups>
    </groups>
    <test started-at="2024-08-29T19:49:25 IST" name="Test" finished-at="2024-08-29T19:49:31 IST" duration-ms="5788">
      <class name="org.facebooklogin.FacebookLogin">
        <test-method is-config="true" signature="setup()[pri:0, instance:org.facebooklogin.FacebookLogin@6a78afa0]" started-at="2024-08-29T19:49:25 IST" name="setup" finished-at="2024-08-29T19:49:31 IST" duration-ms="5217" status="PASS">
          <reporter-output>
          </reporter-output>
        </test-method> <!-- setup -->
        <test-method signature="logo()[pri:1, instance:org.facebooklogin.FacebookLogin@6a78afa0]" started-at="2024-08-29T19:49:31 IST" name="logo" finished-at="2024-08-29T19:49:31 IST" duration-ms="61" status="PASS">
          <reporter-output>
          </reporter-output>
        </test-method> <!-- logo -->
        <test-method signature="title()[pri:2, instance:org.facebooklogin.FacebookLogin@6a78afa0]" started-at="2024-08-29T19:49:31 IST" name="title" finished-at="2024-08-29T19:49:31 IST" duration-ms="12" status="PASS">
          <reporter-output>
          </reporter-output>
        </test-method> <!-- title -->
        <test-method signature="credentials()[pri:3, instance:org.facebooklogin.FacebookLogin@6a78afa0]" started-at="2024-08-29T19:49:31 IST" name="credentials" finished-at="2024-08-29T19:49:31 IST" duration-ms="170" status="FAIL">
          <exception class="java.lang.AssertionError">
            <message>
              <![CDATA[expected [true] but found [false]]]>
            </message>
            <full-stacktrace>
              <![CDATA[java.lang.AssertionError: expected [true] but found [false]
at org.testng.Assert.fail(Assert.java:110)
at org.testng.Assert.failNotEquals(Assert.java:1577)
at org.testng.Assert.assertTrue(Assert.java:56)
at org.testng.Assert.assertTrue(Assert.java:66)
at org.facebooklogin.FacebookLogin.credentials(FacebookLogin.java:58)
at java.base/jdk.internal.reflect.NativeMethodAccessorImpl.invoke0(Native Method)
at java.base/jdk.internal.reflect.NativeMethodAccessorImpl.invoke(NativeMethodAccessorImpl.java:77)
at java.base/jdk.internal.reflect.DelegatingMethodAccessorImpl.invoke(DelegatingMethodAccessorImpl.java:43)
at java.base/java.lang.reflect.Method.invoke(Method.java:568)
at org.testng.internal.invokers.MethodInvocationHelper.invokeMethod(MethodInvocationHelper.java:139)
at org.testng.internal.invokers.TestInvoker.invokeMethod(TestInvoker.java:677)
at org.testng.internal.invokers.TestInvoker.invokeTestMethod(TestInvoker.java:221)
at org.testng.internal.invokers.MethodRunner.runInSequence(MethodRunner.java:50)
at org.testng.internal.invokers.TestInvoker$MethodInvocationAgent.invoke(TestInvoker.java:969)
at org.testng.internal.invokers.TestInvoker.invokeTestMethods(TestInvoker.java:194)
at org.testng.internal.invokers.TestMethodWorker.invokeTestMethods(TestMethodWorker.java:148)
at org.testng.internal.invokers.TestMethodWorker.run(TestMethodWorker.java:128)
at java.base/java.util.ArrayList.forEach(ArrayList.java:1511)
at org.testng.TestRunner.privateRun(TestRunner.java:829)
at org.testng.TestRunner.run(TestRunner.java:602)
at org.testng.SuiteRunner.runTest(SuiteRunner.java:437)
at org.testng.SuiteRunner.runSequentially(SuiteRunner.java:431)
at org.testng.SuiteRunner.privateRun(SuiteRunner.java:391)
at org.testng.SuiteRunner.run(SuiteRunner.java:330)
at org.testng.SuiteRunnerWorker.runSuite(SuiteRunnerWorker.java:52)
at org.testng.SuiteRunnerWorker.run(SuiteRunnerWorker.java:95)
at org.testng.TestNG.runSuitesSequentially(TestNG.java:1256)
at org.testng.TestNG.runSuitesLocally(TestNG.java:1176)
at org.testng.TestNG.runSuites(TestNG.java:1099)
at org.testng.TestNG.run(TestNG.java:1067)
at org.testng.remote.AbstractRemoteTestNG.run(AbstractRemoteTestNG.java:115)
at org.testng.remote.RemoteTestNG.initAndRun(RemoteTestNG.java:251)
at org.testng.remote.RemoteTestNG.main(RemoteTestNG.java:77)
]]>
            </full-stacktrace>
          </exception> <!-- java.lang.AssertionError -->
          <reporter-output>
          </reporter-output>
        </test-method> <!-- credentials -->
        <test-method signature="login()[pri:4, instance:org.facebooklogin.FacebookLogin@6a78afa0]" started-at="2024-08-29T19:49:31 IST" name="login" finished-at="2024-08-29T19:49:31 IST" depends-on-methods="org.facebooklogin.FacebookLogin.credentials" duration-ms="0" status="SKIP">
          <exception class="java.lang.Throwable">
            <message>
              <![CDATA[Method org.facebooklogin.FacebookLogin.login() on instance org.facebooklogin.FacebookLogin@6a78afa0 depends on not successfully finished methods 
[org.facebooklogin.FacebookLogin.credentials() on instance org.facebooklogin.FacebookLogin@6a78afa0]]]>
            </message>
            <full-stacktrace>
              <![CDATA[java.lang.Throwable: Method org.facebooklogin.FacebookLogin.login() on instance org.facebooklogin.FacebookLogin@6a78afa0 depends on not successfully finished methods 
[org.facebooklogin.FacebookLogin.credentials() on instance org.facebooklogin.FacebookLogin@6a78afa0]
at org.testng.internal.invokers.TestInvoker.invokeTestMethods(TestInvoker.java:150)
at org.testng.internal.invokers.TestMethodWorker.invokeTestMethods(TestMethodWorker.java:148)
at org.testng.internal.invokers.TestMethodWorker.run(TestMethodWorker.java:128)
at java.base/java.util.ArrayList.forEach(ArrayList.java:1511)
at org.testng.TestRunner.privateRun(TestRunner.java:829)
at org.testng.TestRunner.run(TestRunner.java:602)
at org.testng.SuiteRunner.runTest(SuiteRunner.java:437)
at org.testng.SuiteRunner.runSequentially(SuiteRunner.java:431)
at org.testng.SuiteRunner.privateRun(SuiteRunner.java:391)
at org.testng.SuiteRunner.run(SuiteRunner.java:330)
at org.testng.SuiteRunnerWorker.runSuite(SuiteRunnerWorker.java:52)
at org.testng.SuiteRunnerWorker.run(SuiteRunnerWorker.java:95)
at org.testng.TestNG.runSuitesSequentially(TestNG.java:1256)
at org.testng.TestNG.runSuitesLocally(TestNG.java:1176)
at org.testng.TestNG.runSuites(TestNG.java:1099)
at org.testng.TestNG.run(TestNG.java:1067)
at org.testng.remote.AbstractRemoteTestNG.run(AbstractRemoteTestNG.java:115)
at org.testng.remote.RemoteTestNG.initAndRun(RemoteTestNG.java:251)
at org.testng.remote.RemoteTestNG.main(RemoteTestNG.java:77)
]]>
            </full-stacktrace>
          </exception> <!-- java.lang.Throwable -->
          <reporter-output>
          </reporter-output>
        </test-method> <!-- login -->
        <test-method is-config="true" signature="afterclass()[pri:0, instance:org.facebooklogin.FacebookLogin@6a78afa0]" started-at="2024-08-29T19:49:31 IST" name="afterclass" finished-at="2024-08-29T19:49:31 IST" duration-ms="257" status="PASS">
          <reporter-output>
          </reporter-output>
        </test-method> <!-- afterclass -->
      </class> <!-- org.facebooklogin.FacebookLogin -->
    </test> <!-- Test -->
  </suite> <!-- Suite -->
</testng-results>
